Hmm ... looks like a package
This is pdfTeX, Version 3.1415926-2.4-1.40.13 (MiKTeX 2.9)
entering extended mode
(C:\Users\simonh\AppData\Local\Temp\RtmpA5dqiY\Rd2pdf1bf456ab2ce5\Rd2.tex
LaTeX2e <2011/06/27>
Babel <v3.8m> and hyphenation patterns for english, afrikaans, ancientgreek, ar
abic, armenian, assamese, basque, bengali, bokmal, bulgarian, catalan, coptic, 
croatian, czech, danish, dutch, esperanto, estonian, farsi, finnish, french, ga
lician, german, german-x-2012-05-30, greek, gujarati, hindi, hungarian, iceland
ic, indonesian, interlingua, irish, italian, kannada, kurmanji, latin, latvian,
 lithuanian, malayalam, marathi, mongolian, mongolianlmc, monogreek, ngerman, n
german-x-2012-05-30, nynorsk, oriya, panjabi, pinyin, polish, portuguese, roman
ian, russian, sanskrit, serbian, slovak, slovenian, spanish, swedish, swissgerm
an, tamil, telugu, turkish, turkmen, ukenglish, ukrainian, uppersorbian, usengl
ishmax, welsh, loaded.

("C:\Program Files (x86)\MiKTeX 2.9\tex\latex\base\book.cls"
Document Class: book 2007/10/19 v1.4h Standard LaTeX document class
("C:\Program Files (x86)\MiKTeX 2.9\tex\latex\base\bk10.clo"))
(C:/PROGRA~1/R/R-30~1.1/share/texmf/tex/latex\Rd.sty
("C:\Program Files (x86)\MiKTeX 2.9\tex\latex\base\ifthen.sty")
("C:\Program Files (x86)\MiKTeX 2.9\tex\latex\tools\longtable.sty")
("C:\Program Files (x86)\MiKTeX 2.9\tex\latex\tools\bm.sty")
("C:\Program Files (x86)\MiKTeX 2.9\tex\latex\base\alltt.sty")
("C:\Program Files (x86)\MiKTeX 2.9\tex\latex\tools\verbatim.sty")
("C:\Program Files (x86)\MiKTeX 2.9\tex\latex\ltxmisc\url.sty")pdflatex.exe: GUI framework cannot be initialized.
Error in texi2dvi(file = file, pdf = TRUE, clean = clean, quiet = quiet,  : 
  unable to run 'pdflatex' on 'Rd2.tex'
Error in running tools::texi2pdf()
You may want to clean up by 'rm -rf C:/Users/simonh/AppData/Local/Temp/RtmpA5dqiY/Rd2pdf1bf456ab2ce5'
