Hmm ... looks like a package

This is pdfeTeXk, Version 3.141592-1.21a-2.2 (Web2C 7.5.4)
 file:line:error style messages enabled.
entering extended mode
(/tmp/RtmpY3CP3l/Rd2pdf76e13290/Rd2.tex
LaTeX2e <2003/12/01>
Babel <v3.8d> and hyphenation patterns for american, french, german, ngerman, b
ahasa, basque, bulgarian, catalan, croatian, czech, danish, dutch, esperanto, e
stonian, finnish, greek, icelandic, irish, italian, latin, magyar, norsk, polis
h, portuges, romanian, russian, serbian, slovak, slovene, spanish, swedish, tur
kish, ukrainian, nohyphenation, loaded.

(/usr/share/texmf/tex/latex/base/book.cls
Document Class: book 2004/02/16 v1.4f Standard LaTeX document class
(/usr/share/texmf/tex/latex/base/bk10.clo))
(/usr/local/lib64/R/share/texmf/tex/latex/Rd.sty
(/usr/share/texmf/tex/latex/base/ifthen.sty)
(/usr/share/texmf/tex/latex/tools/longtable.sty)
(/usr/share/texmf/tex/latex/tools/bm.sty)
(/usr/share/texmf/tex/latex/base/alltt.sty)
(/usr/share/texmf/tex/latex/tools/verbatim.sty)
(/usr/share/texmf/tex/latex/url/url.sty)
(/usr/local/lib64/R/share/texmf/tex/latex/upquote.sty
(/usr/share/texmf/tex/latex/base/textcomp.sty
(/usr/share/texmf/tex/latex/base/ts1enc.def))) NOT loading ae
(/usr/share/texmf/tex/latex/base/fontenc.sty
(/usr/share/texmf/tex/latex/base/t1enc.def))
(/usr/share/texmf/tex/latex/psnfss/times.sty) NOT loading lmodern
(/usr/share/texmf/tex/latex/graphics/color.sty
(/usr/share/texmf/tex/latex/graphics/color.cfg)
(/usr/share/texmf/tex/latex/graphics/pdftex.def))
(/usr/share/texmf/tex/latex/hyperref/hyperref.sty
(/usr/share/texmf/tex/latex/graphics/keyval.sty)
(/usr/share/texmf/tex/latex/hyperref/pd1enc.def)
(/usr/share/texmf/tex/latex/hyperref/hyperref.cfg)
Implicit mode ON; LaTeX internals redefined
)
*hyperref using default driver hpdftex*
(/usr/share/texmf/tex/latex/hyperref/hpdftex.def
(/usr/share/texmf/tex/latex/psnfss/pifont.sty
(/usr/share/texmf/tex/latex/psnfss/upzd.fd)
(/usr/share/texmf/tex/latex/psnfss/upsy.fd)))

Package hyperref Warning: Option `hyperindex' has already been used,
(hyperref)                setting the option has no effect on input line 332.


Package hyperref Warning: Option `pagebackref' has already been used,
(hyperref)                setting the option has no effect on input line 332.

) (/usr/share/texmf/tex/latex/base/makeidx.sty)
(/usr/share/texmf/tex/latex/base/inputenc.sty
(/usr/share/texmf/tex/latex/base/utf8.def
(/usr/share/texmf/tex/latex/base/t1enc.dfu)
(/usr/share/texmf/tex/latex/base/ot1enc.dfu)
(/usr/share/texmf/tex/latex/base/omsenc.dfu)
(/usr/share/texmf/tex/latex/base/ts1enc.dfu))
(/usr/share/texmf/tex/latex/base/latin1.def))
Writing index file Rd2.idx
No file Rd2.aux.
(/usr/share/texmf/tex/latex/base/ts1cmr.fd)
(/usr/share/texmf/tex/latex/psnfss/t1ptm.fd)
(/usr/share/texmf/tex/context/base/supp-pdf.tex
(/usr/share/texmf/tex/context/base/supp-mis.tex
loading : Context Support Macros / Miscellaneous (2004.10.26)
)
loading : Context Support Macros / PDF (2004.03.26)
) (/usr/share/texmf/tex/latex/hyperref/nameref.sty)
(/usr/share/texmf/tex/latex/psnfss/t1pcr.fd)
(/usr/share/texmf/tex/latex/psnfss/t1phv.fd)
(/usr/share/texmf/tex/latex/base/utf8.def) [1{/usr/share/texmf-var/fonts/map/pd
ftex/updmap/pdftex.map}] (/usr/share/texmf/tex/latex/base/utf8.def)
Overfull \hbox (384.78088pt too wide) in paragraph at lines 100--100
 []\T1/pcr/m/n/10 add.cpue.frq(CPUE.file = "P:/yft/2009/Data Preparation/CPUE/i
ndices/yft_JPstd_R1.txt", data = out.data, fishery = 1, add.cv = "T")[] 
(/usr/share/texmf/tex/latex/base/utf8.def) [2]
(/usr/share/texmf/tex/latex/base/utf8.def) [3]
(/usr/share/texmf/tex/latex/base/utf8.def)
(/usr/share/texmf/tex/latex/base/utf8.def) [4]
(/usr/share/texmf/tex/latex/base/utf8.def)
(/usr/share/texmf/tex/latex/base/utf8.def)
Overfull \hbox (696.78088pt too wide) in paragraph at lines 356--356
 []\T1/pcr/m/n/10 change.size.frq(ver = 6, data = data, FISH = 1, LF.FILE = "P:
/yft/2009/Data Preparation/size data/LLlendataR1.txt", WT.FILE = "P:/yft/2009/D
ata Preparation/size data/LLwtdataR1.txt")[] 
[5] (/usr/share/texmf/tex/latex/base/utf8.def)
(/usr/share/texmf/tex/latex/base/utf8.def) [6]
(/usr/share/texmf/tex/latex/base/utf8.def)
Overfull \hbox (42.78088pt too wide) in paragraph at lines 482--482
 []\T1/pcr/m/n/10 check_flag_value(parname, flagtype, flagnums, fishery = NA, f
laglist = T)[] 
(/usr/share/texmf/tex/latex/base/utf8.def) [7]
(/usr/share/texmf/tex/latex/base/utf8.def)
(/usr/share/texmf/tex/latex/base/utf8.def)
Overfull \hbox (96.78088pt too wide) in paragraph at lines 602--602
 []\T1/pcr/m/n/10 compare.frq(file1, file2, fm = "all", plotname, fdesc = "",lw
d=2,what=rep(TRUE,3))[] 
[8] (/usr/share/texmf/tex/latex/base/utf8.def)
Overfull \hbox (150.78088pt too wide) in paragraph at lines 652--652
 []\T1/pcr/m/n/10 compare.size.frq(frq1, frq2, fishery = 5, wt=T, prefx = "_",d
oyears, fdesc="",summary=TRUE)[] 
(/usr/share/texmf/tex/latex/base/utf8.def) [9]
(/usr/share/texmf/tex/latex/base/utf8.def)
Overfull \hbox (558.78088pt too wide) in paragraph at lines 753--753
 []\T1/pcr/m/n/10 condor.go(run.dir, frq.obj, tag.obj, doitall.obj, ini.obj, su
b.obj, species = "alb", condor_f = condor_files, par.obj = NA, run_now = TRUE,f
ixpermissions=TRUE)[] 
[10] (/usr/share/texmf/tex/latex/base/utf8.def)
Overfull \hbox (480.78088pt too wide) in paragraph at lines 820--820
 []\T1/pcr/m/n/10 condor.go2(run.dir, frq.obj, tag.obj, doitall.obj, ini.obj, s
ub.obj = suball, species = "alb", condor_f = condor_files, par.obj = NA, run_no
w = T)[] 
(/usr/share/texmf/tex/latex/base/utf8.def) [11]
(/usr/share/texmf/tex/latex/base/utf8.def)
(/usr/share/texmf/tex/latex/base/utf8.def) [12]
(/usr/share/texmf/tex/latex/base/utf8.def)
(/usr/share/texmf/tex/latex/base/utf8.def) [13]
(/usr/share/texmf/tex/latex/base/utf8.def)
(/usr/share/texmf/tex/latex/base/utf8.def) [14]
Overfull \hbox (240.78088pt too wide) in paragraph at lines 1104--1104
 []\T1/pcr/m/n/10 do.critical.calcs(repfile = "P:/yft/2007/BaseYFT/yftfinal2007
.rep", ests = "P:/yft/2007/BaseYFT/ests.rep")[] 
(/usr/share/texmf/tex/latex/base/utf8.def)
(/usr/share/texmf/tex/latex/base/utf8.def) [15]
(/usr/share/texmf/tex/latex/base/utf8.def)
(/usr/share/texmf/tex/latex/base/utf8.def) [16]
(/usr/share/texmf/tex/latex/base/utf8.def)
Overfull \hbox (138.78088pt too wide) in paragraph at lines 1298--1298
 []\T1/pcr/m/n/10 frq.remove.size.or.weight.data(data = test.data, exclude = ex
clude, size = T, weight = F)[] 
[17] (/usr/share/texmf/tex/latex/base/utf8.def)
(/usr/share/texmf/tex/latex/base/utf8.def)
Overfull \hbox (72.78088pt too wide) in paragraph at lines 1382--1382
 []\T1/pcr/m/n/10 get.length.output(REGION = 1, DIR = "P:/yft/2009/Data Prepara
tion/size data/")[] 
[18] (/usr/share/texmf/tex/latex/base/utf8.def)
(/usr/share/texmf/tex/latex/base/utf8.def)
Overfull \hbox (90.78088pt too wide) in paragraph at lines 1465--1465
 []\T1/pcr/m/n/10 get.tag.structure(tagrepfile="temporary_tag_report",tagfile="
skj.tag",year1=1972)[] 
[19] (/usr/share/texmf/tex/latex/base/utf8.def)
Overfull \hbox (72.78088pt too wide) in paragraph at lines 1508--1508
 []\T1/pcr/m/n/10 get.weight.output(REGION = 1, DIR = "P:/yft/2009/Data Prepara
tion/size data/")[] 
[20] (/usr/share/texmf/tex/latex/base/utf8.def)
(/usr/share/texmf/tex/latex/base/utf8.def) [21]
(/usr/share/texmf/tex/latex/base/utf8.def)
Overfull \hbox (24.78088pt too wide) in paragraph at lines 1626--1626
 []\T1/pcr/m/n/10 make.projection.betyft.frq(frq.in = base.frq, fish = 1:24, ye
ars = 10)[] 
(/usr/share/texmf/tex/latex/base/utf8.def)
Overfull \hbox (216.78088pt too wide) in paragraph at lines 1669--1669
 []\T1/pcr/m/n/10 map_all_pacific(plot_title = "", lims = c(100, 300, -45, 45),
 eezfile = "L:/alb/2008/Pago/eznew2.txt")[] 
[22] (/usr/share/texmf/tex/latex/base/utf8.def) [23]
(/usr/share/texmf/tex/latex/base/utf8.def)
(/usr/share/texmf/tex/latex/base/utf8.def) [24]
(/usr/share/texmf/tex/latex/base/utf8.def)
(/usr/share/texmf/tex/latex/base/utf8.def) [25]
(/usr/share/texmf/tex/latex/base/utf8.def)
Overfull \hbox (504.78088pt too wide) in paragraph at lines 1922--1922
 []\T1/pcr/m/n/10 plot.biomass(plotdir = "H:/rmfcl/test/figs/", plotrep = test,
 varfile = NULL, type = "SSB", plotname = "H:/rmfcl/test/figs/biomass", plottyp
e = "wmf")[] 
[26] (/usr/share/texmf/tex/latex/base/utf8.def)
Overfull \hbox (558.78088pt too wide) in paragraph at lines 1975--1975
 []\T1/pcr/m/n/10 plot.biomass.combined(plotdir = "H:/rmfcl/test/figs/", plotre
p = test, varfile = NULL, type = "SSB", plotname = "H:/rmfcl/test/figs/biomass"
, plottype = "wmf")[] 
(/usr/share/texmf/tex/latex/base/utf8.def)
Overfull \hbox (990.78088pt too wide) in paragraph at lines 2027--2027
 []\T1/pcr/m/n/10 plot.F.time(plotdir = "H:/rmfcl/test/figs/", plotrep = "C:/as
sessments/alb/2008/6_area/28.splitgr3/plot-08.par.rep", inifile = "C:/assessmen
ts/alb/2008/6_area/28.splitgr3/alb.ini", plotname = "plotFtime", plottype = "wm
f", COL = T)[] 
[27] (/usr/share/texmf/tex/latex/base/utf8.def)
Overfull \hbox (786.78088pt too wide) in paragraph at lines 2080--2080
 []\T1/pcr/m/n/10 plot.fishery.impact.r(plotdir = "H:/rmfcl/test/figs/", type =
 "Total", plotrep = testq0, impnames = c("ll", "psass", "psunass", "idph", "oth
er"), plotname = "plotimpact", plottype = "wmf", COL = T)[] 
[28] (/usr/share/texmf/tex/latex/base/utf8.def)
Overfull \hbox (606.78088pt too wide) in paragraph at lines 2135--2135
 []\T1/pcr/m/n/10 plot.Kobe(plotdir = "S:/OFP Publications/Tuna Fishery Assessm
ent Report/2007/Figures/BET/", plotrep = test, type = "SSB", plotname = "Kobe",
 plottype = "wmf", COL = T)[] 
(/usr/share/texmf/tex/latex/base/utf8.def) [29]
(/usr/share/texmf/tex/latex/base/utf8.def)
(/usr/share/texmf/tex/latex/base/utf8.def) [30]
(/usr/share/texmf/tex/latex/base/utf8.def)
Overfull \hbox (468.78088pt too wide) in paragraph at lines 2288--2288
 []\T1/pcr/m/n/10 plot.nofishing(plotdir = "H:/rmfcl/test/figs/", plotrep = tes
tq0, type = "SSB", plotname = "H:/rmfcl/test/figs/Kobe", plottype = "wmf", COL 
= T)[] 
(/usr/share/texmf/tex/latex/base/utf8.def) [31]
Overfull \hbox (522.78088pt too wide) in paragraph at lines 2340--2340
 []\T1/pcr/m/n/10 plot.nofishing.combined(plotdir = "H:/rmfcl/test/figs/", plot
rep = testq0, type = "SSB", plotname = "H:/rmfcl/test/figs/Kobe", plottype = "w
mf", COL = T)[] 
(/usr/share/texmf/tex/latex/base/utf8.def)
Overfull \hbox (258.78088pt too wide) in paragraph at lines 2392--2392
 []\T1/pcr/m/n/10 plot.pacific.alb(plot_title = "", eez_dir = "I:/assessments/P
op dy modeling/MFCL/R functions/", plot_eez = T)[] 
[32] (/usr/share/texmf/tex/latex/base/utf8.def)
(/usr/share/texmf/tex/latex/base/utf8.def)
Overfull \hbox (666.78088pt too wide) in paragraph at lines 2472--2472
 []\T1/pcr/m/n/10 plot.pacific.species(plot_title = "", uselims = NA, add.WCPFC
 = F, add.EPO = F, sp = "YFT", add.EEZ = T, eez_file = "I:/assessments/Pop dy m
odeling/MFCL/R functions/EZNEW2.TXT")[] 
[33] (/usr/share/texmf/tex/latex/base/utf8.def)
(/usr/share/texmf/tex/latex/base/utf8.def) [34]
Overfull \hbox (66.78088pt too wide) in paragraph at lines 2567--2567
 []\T1/pcr/m/n/10 plot.pacific.yft(plot_title = "", lims = c(100, 260, -45, 45)
, add.WCPFC = F)[] 
(/usr/share/texmf/tex/latex/base/utf8.def)
Overfull \hbox (468.78088pt too wide) in paragraph at lines 2611--2611
 []\T1/pcr/m/n/10 plot.recruitment(plotdir = "H:/rmfcl/test/figs/", plotrep = t
est, varfile = NULL, plotname = "H:/rmfcl/test/figs/recruitment", plottype = "w
mf")[] 
[35] (/usr/share/texmf/tex/latex/base/utf8.def)
Overfull \hbox (576.78088pt too wide) in paragraph at lines 2661--2661
 []\T1/pcr/m/n/10 plot.recruitment.combined(plotdir = "H:/rmfcl/test/figs/", pl
otrep = test, varfile = NULL, plotname = "H:/rmfcl/test/figs/recruitment_combin
ed", plottype = "wmf")[] 
(/usr/share/texmf/tex/latex/base/utf8.def) [36]
(/usr/share/texmf/tex/latex/base/utf8.def) [37]
(/usr/share/texmf/tex/latex/base/utf8.def)
(/usr/share/texmf/tex/latex/base/utf8.def)
(/usr/share/texmf/tex/latex/base/utf8.def)
Overfull \hbox (126.78088pt too wide) in paragraph at lines 2841--2841
 []\T1/pcr/m/n/10 read.ests(rep.obj, ests = "C:/assessments/alb/2008/6_area/28.
splitgr3/ests.rep", x = 1)[] 
[38] (/usr/share/texmf/tex/latex/base/utf8.def)
(/usr/share/texmf/tex/latex/base/utf8.def) [39]
(/usr/share/texmf/tex/latex/base/utf8.def)
Overfull \hbox (198.78088pt too wide) in paragraph at lines 2967--2967
 []\T1/pcr/m/n/10 read.impact(impdir = "H:/rmfcl/test/", impnames = c("ll", "ps
assoc", "psunassoc", "idph", "other"))[] 
[40] (/usr/share/texmf/tex/latex/base/utf8.def)
(/usr/share/texmf/tex/latex/base/utf8.def) [41]
(/usr/share/texmf/tex/latex/base/utf8.def)
(/usr/share/texmf/tex/latex/base/utf8.def) [42]
(/usr/share/texmf/tex/latex/base/utf8.def)
(/usr/share/texmf/tex/latex/base/utf8.def) [43]
(/usr/share/texmf/tex/latex/base/utf8.def)
Overfull \hbox (336.78088pt too wide) in paragraph at lines 3239--3239
 []\T1/pcr/m/n/10 reconstruct.frq.ce(CPUE.file = "X:/yft/2009/Data Preparation/
CPUE/indices/yft_JPstd_R1.txt", data = out.data, fishery = 1)[] 
(/usr/share/texmf/tex/latex/base/utf8.def)
Overfull \hbox (672.78088pt too wide) in paragraph at lines 3282--3282
 []\T1/pcr/m/n/10 reconstruct.frq.size(data = data, FISH = 1, LF.FILE = "P:/yft
/2009/Data Preparation/size data/LLlendataR1.txt", WT.FILE = "P:/yft/2009/Data 
Preparation/size data/LLwtdataR1.txt")[] 
[44] (/usr/share/texmf/tex/latex/base/utf8.def) [45]
(/usr/share/texmf/tex/latex/base/utf8.def)
(/usr/share/texmf/tex/latex/base/utf8.def) [46]
(/usr/share/texmf/tex/latex/base/utf8.def)
(/usr/share/texmf/tex/latex/base/utf8.def) [47]
(/usr/share/texmf/tex/latex/base/utf8.def) [48]
(/usr/share/texmf/tex/latex/base/utf8.def)
(/usr/share/texmf/tex/latex/base/utf8.def)
Overfull \hbox (96.78088pt too wide) in paragraph at lines 3623--3623
 []\T1/pcr/m/n/10 rename.fishery.grps.doitall(doitall, oldfs, newfs, flag, keep
 = T, newgrps = c(0))[] 
[49] (/usr/share/texmf/tex/latex/base/utf8.def)
(/usr/share/texmf/tex/latex/base/utf8.def) [50]
(/usr/share/texmf/tex/latex/base/utf8.def) [51]
(/usr/share/texmf/tex/latex/base/utf8.def)
(/usr/share/texmf/tex/latex/base/utf8.def) [52]
(/usr/share/texmf/tex/latex/base/utf8.def)
(/usr/share/texmf/tex/latex/base/utf8.def) [53]
(/usr/share/texmf/tex/latex/base/utf8.def)
Overfull \hbox (192.78088pt too wide) in paragraph at lines 3961--3961
 []\T1/pcr/m/n/10 run.profile(rundir, rungrp, startpar = NA, ptype = "Fmult", t
arget, nsteps = 300, penalty = 5e+05)[] 
(/usr/share/texmf/tex/latex/base/utf8.def) [54]
(/usr/share/texmf/tex/latex/base/utf8.def) [55]
(/usr/share/texmf/tex/latex/base/utf8.def)
(/usr/share/texmf/tex/latex/base/utf8.def) [56]
(/usr/share/texmf/tex/latex/base/utf8.def)
(/usr/share/texmf/tex/latex/base/utf8.def) [57]
(/usr/share/texmf/tex/latex/base/utf8.def) [58]
(/usr/share/texmf/tex/latex/base/utf8.def)
(/usr/share/texmf/tex/latex/base/utf8.def) [59]
(/usr/share/texmf/tex/latex/base/utf8.def) [60]
(/usr/share/texmf/tex/latex/base/utf8.def)
(/usr/share/texmf/tex/latex/base/utf8.def) [61]
(/usr/share/texmf/tex/latex/base/utf8.def) [62]
(/usr/share/texmf/tex/latex/base/utf8.def)
(/usr/share/texmf/tex/latex/base/utf8.def) [63]
(/usr/share/texmf/tex/latex/base/utf8.def) [64]
(/usr/share/texmf/tex/latex/base/utf8.def)
(/usr/share/texmf/tex/latex/base/utf8.def) [65]
(/usr/share/texmf/tex/latex/base/utf8.def)
(/usr/share/texmf/tex/latex/base/utf8.def) [66]
(/usr/share/texmf/tex/latex/base/utf8.def) [67]
(/usr/share/texmf/tex/latex/base/utf8.def)
(/usr/share/texmf/tex/latex/base/utf8.def) [68]
(/usr/share/texmf/tex/latex/base/utf8.def)
(/usr/share/texmf/tex/latex/base/utf8.def) [69]
(/usr/share/texmf/tex/latex/base/utf8.def) [70]
(/usr/share/texmf/tex/latex/base/utf8.def)
(/usr/share/texmf/tex/latex/base/utf8.def) [71]
(/usr/share/texmf/tex/latex/base/utf8.def)
No file Rd2.ind.
[72] (./Rd2.aux) )
(see the transcript file for additional information){/usr/share/texmf/fonts/enc
/dvips/psnfss/8r.enc}</usr/share/texmf/fonts/type1/urw/times/utmr8a.pfb></usr/s
hare/texmf/fonts/type1/urw/times/utmri8a.pfb></usr/share/texmf/fonts/type1/urw/
helvetic/uhvr8a.pfb></usr/share/texmf/fonts/type1/urw/courier/ucrr8a.pfb></usr/
share/texmf/fonts/type1/urw/times/utmr8a.pfb></usr/share/texmf/fonts/type1/urw/
times/utmb8a.pfb>
Output written on Rd2.pdf (72 pages, 293257 bytes).
Transcript written on Rd2.log.
This is makeindex, version 2.14 [02-Oct-2002] (kpathsea + Thai support).
Scanning input file ./Rd2.idx....done (364 entries accepted, 0 rejected).
Sorting entries......done (3215 comparisons).
Generating output file ./Rd2.ind....done (412 lines written, 0 warnings).
Output written in ./Rd2.ind.
Transcript written in ./Rd2.ilg.
This is pdfeTeXk, Version 3.141592-1.21a-2.2 (Web2C 7.5.4)
 file:line:error style messages enabled.
entering extended mode
(/tmp/RtmpY3CP3l/Rd2pdf76e13290/Rd2.tex
LaTeX2e <2003/12/01>
Babel <v3.8d> and hyphenation patterns for american, french, german, ngerman, b
ahasa, basque, bulgarian, catalan, croatian, czech, danish, dutch, esperanto, e
stonian, finnish, greek, icelandic, irish, italian, latin, magyar, norsk, polis
h, portuges, romanian, russian, serbian, slovak, slovene, spanish, swedish, tur
kish, ukrainian, nohyphenation, loaded.

(/usr/share/texmf/tex/latex/base/book.cls
Document Class: book 2004/02/16 v1.4f Standard LaTeX document class
(/usr/share/texmf/tex/latex/base/bk10.clo))
(/usr/local/lib64/R/share/texmf/tex/latex/Rd.sty
(/usr/share/texmf/tex/latex/base/ifthen.sty)
(/usr/share/texmf/tex/latex/tools/longtable.sty)
(/usr/share/texmf/tex/latex/tools/bm.sty)
(/usr/share/texmf/tex/latex/base/alltt.sty)
(/usr/share/texmf/tex/latex/tools/verbatim.sty)
(/usr/share/texmf/tex/latex/url/url.sty)
(/usr/local/lib64/R/share/texmf/tex/latex/upquote.sty
(/usr/share/texmf/tex/latex/base/textcomp.sty
(/usr/share/texmf/tex/latex/base/ts1enc.def))) NOT loading ae
(/usr/share/texmf/tex/latex/base/fontenc.sty
(/usr/share/texmf/tex/latex/base/t1enc.def))
(/usr/share/texmf/tex/latex/psnfss/times.sty) NOT loading lmodern
(/usr/share/texmf/tex/latex/graphics/color.sty
(/usr/share/texmf/tex/latex/graphics/color.cfg)
(/usr/share/texmf/tex/latex/graphics/pdftex.def))
(/usr/share/texmf/tex/latex/hyperref/hyperref.sty
(/usr/share/texmf/tex/latex/graphics/keyval.sty)
(/usr/share/texmf/tex/latex/hyperref/pd1enc.def)
(/usr/share/texmf/tex/latex/hyperref/hyperref.cfg)
Implicit mode ON; LaTeX internals redefined
)
*hyperref using default driver hpdftex*
(/usr/share/texmf/tex/latex/hyperref/hpdftex.def
(/usr/share/texmf/tex/latex/psnfss/pifont.sty
(/usr/share/texmf/tex/latex/psnfss/upzd.fd)
(/usr/share/texmf/tex/latex/psnfss/upsy.fd)))

Package hyperref Warning: Option `hyperindex' has already been used,
(hyperref)                setting the option has no effect on input line 332.


Package hyperref Warning: Option `pagebackref' has already been used,
(hyperref)                setting the option has no effect on input line 332.

) (/usr/share/texmf/tex/latex/base/makeidx.sty)
(/usr/share/texmf/tex/latex/base/inputenc.sty
(/usr/share/texmf/tex/latex/base/utf8.def
(/usr/share/texmf/tex/latex/base/t1enc.dfu)
(/usr/share/texmf/tex/latex/base/ot1enc.dfu)
(/usr/share/texmf/tex/latex/base/omsenc.dfu)
(/usr/share/texmf/tex/latex/base/ts1enc.dfu))
(/usr/share/texmf/tex/latex/base/latin1.def))
Writing index file Rd2.idx
(./Rd2.aux) (/usr/share/texmf/tex/latex/base/ts1cmr.fd)
(/usr/share/texmf/tex/latex/psnfss/t1ptm.fd)
(/usr/share/texmf/tex/context/base/supp-pdf.tex
(/usr/share/texmf/tex/context/base/supp-mis.tex
loading : Context Support Macros / Miscellaneous (2004.10.26)
)
loading : Context Support Macros / PDF (2004.03.26)
) (/usr/share/texmf/tex/latex/hyperref/nameref.sty) (./Rd2.out) (./Rd2.out)
(/usr/share/texmf/tex/latex/psnfss/t1pcr.fd)
(/usr/share/texmf/tex/latex/psnfss/t1phv.fd) (./Rd2.toc [1{/usr/share/texmf-var
/fonts/map/pdftex/updmap/pdftex.map}] [2] [3])
(/usr/share/texmf/tex/latex/base/utf8.def)
(/usr/share/texmf/tex/latex/base/utf8.def)
Overfull \hbox (384.78088pt too wide) in paragraph at lines 100--100
 []\T1/pcr/m/n/10 add.cpue.frq(CPUE.file = "P:/yft/2009/Data Preparation/CPUE/i
ndices/yft_JPstd_R1.txt", data = out.data, fishery = 1, add.cv = "T")[] 
[4] (/usr/share/texmf/tex/latex/base/utf8.def)
(/usr/share/texmf/tex/latex/base/utf8.def) [5]
(/usr/share/texmf/tex/latex/base/utf8.def)
(/usr/share/texmf/tex/latex/base/utf8.def) [6]
(/usr/share/texmf/tex/latex/base/utf8.def)
(/usr/share/texmf/tex/latex/base/utf8.def) [7]
Overfull \hbox (696.78088pt too wide) in paragraph at lines 356--356
 []\T1/pcr/m/n/10 change.size.frq(ver = 6, data = data, FISH = 1, LF.FILE = "P:
/yft/2009/Data Preparation/size data/LLlendataR1.txt", WT.FILE = "P:/yft/2009/D
ata Preparation/size data/LLwtdataR1.txt")[] 
(/usr/share/texmf/tex/latex/base/utf8.def)
(/usr/share/texmf/tex/latex/base/utf8.def) [8]
(/usr/share/texmf/tex/latex/base/utf8.def)
Overfull \hbox (42.78088pt too wide) in paragraph at lines 482--482
 []\T1/pcr/m/n/10 check_flag_value(parname, flagtype, flagnums, fishery = NA, f
laglist = T)[] 
(/usr/share/texmf/tex/latex/base/utf8.def) [9]
(/usr/share/texmf/tex/latex/base/utf8.def)
(/usr/share/texmf/tex/latex/base/utf8.def)
Overfull \hbox (96.78088pt too wide) in paragraph at lines 602--602
 []\T1/pcr/m/n/10 compare.frq(file1, file2, fm = "all", plotname, fdesc = "",lw
d=2,what=rep(TRUE,3))[] 
[10] (/usr/share/texmf/tex/latex/base/utf8.def)
Overfull \hbox (150.78088pt too wide) in paragraph at lines 652--652
 []\T1/pcr/m/n/10 compare.size.frq(frq1, frq2, fishery = 5, wt=T, prefx = "_",d
oyears, fdesc="",summary=TRUE)[] 
[11] (/usr/share/texmf/tex/latex/base/utf8.def)
(/usr/share/texmf/tex/latex/base/utf8.def)
Overfull \hbox (558.78088pt too wide) in paragraph at lines 753--753
 []\T1/pcr/m/n/10 condor.go(run.dir, frq.obj, tag.obj, doitall.obj, ini.obj, su
b.obj, species = "alb", condor_f = condor_files, par.obj = NA, run_now = TRUE,f
ixpermissions=TRUE)[] 
[12] (/usr/share/texmf/tex/latex/base/utf8.def)
Overfull \hbox (480.78088pt too wide) in paragraph at lines 820--820
 []\T1/pcr/m/n/10 condor.go2(run.dir, frq.obj, tag.obj, doitall.obj, ini.obj, s
ub.obj = suball, species = "alb", condor_f = condor_files, par.obj = NA, run_no
w = T)[] 
[13] (/usr/share/texmf/tex/latex/base/utf8.def) [14]
(/usr/share/texmf/tex/latex/base/utf8.def)
(/usr/share/texmf/tex/latex/base/utf8.def) [15]
(/usr/share/texmf/tex/latex/base/utf8.def)
(/usr/share/texmf/tex/latex/base/utf8.def) [16]
(/usr/share/texmf/tex/latex/base/utf8.def)
(/usr/share/texmf/tex/latex/base/utf8.def)
Overfull \hbox (240.78088pt too wide) in paragraph at lines 1104--1104
 []\T1/pcr/m/n/10 do.critical.calcs(repfile = "P:/yft/2007/BaseYFT/yftfinal2007
.rep", ests = "P:/yft/2007/BaseYFT/ests.rep")[] 
[17] (/usr/share/texmf/tex/latex/base/utf8.def)
(/usr/share/texmf/tex/latex/base/utf8.def) [18]
(/usr/share/texmf/tex/latex/base/utf8.def)
(/usr/share/texmf/tex/latex/base/utf8.def) [19]
(/usr/share/texmf/tex/latex/base/utf8.def)
Overfull \hbox (138.78088pt too wide) in paragraph at lines 1298--1298
 []\T1/pcr/m/n/10 frq.remove.size.or.weight.data(data = test.data, exclude = ex
clude, size = T, weight = F)[] 
[20] (/usr/share/texmf/tex/latex/base/utf8.def)
(/usr/share/texmf/tex/latex/base/utf8.def)
Overfull \hbox (72.78088pt too wide) in paragraph at lines 1382--1382
 []\T1/pcr/m/n/10 get.length.output(REGION = 1, DIR = "P:/yft/2009/Data Prepara
tion/size data/")[] 
[21] (/usr/share/texmf/tex/latex/base/utf8.def)
(/usr/share/texmf/tex/latex/base/utf8.def)
Overfull \hbox (90.78088pt too wide) in paragraph at lines 1465--1465
 []\T1/pcr/m/n/10 get.tag.structure(tagrepfile="temporary_tag_report",tagfile="
skj.tag",year1=1972)[] 
[22] (/usr/share/texmf/tex/latex/base/utf8.def)
Overfull \hbox (72.78088pt too wide) in paragraph at lines 1508--1508
 []\T1/pcr/m/n/10 get.weight.output(REGION = 1, DIR = "P:/yft/2009/Data Prepara
tion/size data/")[] 
[23] (/usr/share/texmf/tex/latex/base/utf8.def)
(/usr/share/texmf/tex/latex/base/utf8.def) [24]
(/usr/share/texmf/tex/latex/base/utf8.def)
Overfull \hbox (24.78088pt too wide) in paragraph at lines 1626--1626
 []\T1/pcr/m/n/10 make.projection.betyft.frq(frq.in = base.frq, fish = 1:24, ye
ars = 10)[] 
(/usr/share/texmf/tex/latex/base/utf8.def)
Overfull \hbox (216.78088pt too wide) in paragraph at lines 1669--1669
 []\T1/pcr/m/n/10 map_all_pacific(plot_title = "", lims = c(100, 300, -45, 45),
 eezfile = "L:/alb/2008/Pago/eznew2.txt")[] 
[25] (/usr/share/texmf/tex/latex/base/utf8.def) [26]
(/usr/share/texmf/tex/latex/base/utf8.def)
(/usr/share/texmf/tex/latex/base/utf8.def) [27]
(/usr/share/texmf/tex/latex/base/utf8.def)
(/usr/share/texmf/tex/latex/base/utf8.def) [28]
(/usr/share/texmf/tex/latex/base/utf8.def)
Overfull \hbox (504.78088pt too wide) in paragraph at lines 1922--1922
 []\T1/pcr/m/n/10 plot.biomass(plotdir = "H:/rmfcl/test/figs/", plotrep = test,
 varfile = NULL, type = "SSB", plotname = "H:/rmfcl/test/figs/biomass", plottyp
e = "wmf")[] 
[29] (/usr/share/texmf/tex/latex/base/utf8.def)
Overfull \hbox (558.78088pt too wide) in paragraph at lines 1975--1975
 []\T1/pcr/m/n/10 plot.biomass.combined(plotdir = "H:/rmfcl/test/figs/", plotre
p = test, varfile = NULL, type = "SSB", plotname = "H:/rmfcl/test/figs/biomass"
, plottype = "wmf")[] 
(/usr/share/texmf/tex/latex/base/utf8.def)
Overfull \hbox (990.78088pt too wide) in paragraph at lines 2027--2027
 []\T1/pcr/m/n/10 plot.F.time(plotdir = "H:/rmfcl/test/figs/", plotrep = "C:/as
sessments/alb/2008/6_area/28.splitgr3/plot-08.par.rep", inifile = "C:/assessmen
ts/alb/2008/6_area/28.splitgr3/alb.ini", plotname = "plotFtime", plottype = "wm
f", COL = T)[] 
[30] (/usr/share/texmf/tex/latex/base/utf8.def)
Overfull \hbox (786.78088pt too wide) in paragraph at lines 2080--2080
 []\T1/pcr/m/n/10 plot.fishery.impact.r(plotdir = "H:/rmfcl/test/figs/", type =
 "Total", plotrep = testq0, impnames = c("ll", "psass", "psunass", "idph", "oth
er"), plotname = "plotimpact", plottype = "wmf", COL = T)[] 
[31] (/usr/share/texmf/tex/latex/base/utf8.def)
Overfull \hbox (606.78088pt too wide) in paragraph at lines 2135--2135
 []\T1/pcr/m/n/10 plot.Kobe(plotdir = "S:/OFP Publications/Tuna Fishery Assessm
ent Report/2007/Figures/BET/", plotrep = test, type = "SSB", plotname = "Kobe",
 plottype = "wmf", COL = T)[] 
(/usr/share/texmf/tex/latex/base/utf8.def) [32]
(/usr/share/texmf/tex/latex/base/utf8.def)
(/usr/share/texmf/tex/latex/base/utf8.def) [33]
(/usr/share/texmf/tex/latex/base/utf8.def)
Overfull \hbox (468.78088pt too wide) in paragraph at lines 2288--2288
 []\T1/pcr/m/n/10 plot.nofishing(plotdir = "H:/rmfcl/test/figs/", plotrep = tes
tq0, type = "SSB", plotname = "H:/rmfcl/test/figs/Kobe", plottype = "wmf", COL 
= T)[] 
(/usr/share/texmf/tex/latex/base/utf8.def) [34]
Overfull \hbox (522.78088pt too wide) in paragraph at lines 2340--2340
 []\T1/pcr/m/n/10 plot.nofishing.combined(plotdir = "H:/rmfcl/test/figs/", plot
rep = testq0, type = "SSB", plotname = "H:/rmfcl/test/figs/Kobe", plottype = "w
mf", COL = T)[] 
(/usr/share/texmf/tex/latex/base/utf8.def)
Overfull \hbox (258.78088pt too wide) in paragraph at lines 2392--2392
 []\T1/pcr/m/n/10 plot.pacific.alb(plot_title = "", eez_dir = "I:/assessments/P
op dy modeling/MFCL/R functions/", plot_eez = T)[] 
[35] (/usr/share/texmf/tex/latex/base/utf8.def)
(/usr/share/texmf/tex/latex/base/utf8.def)
Overfull \hbox (666.78088pt too wide) in paragraph at lines 2472--2472
 []\T1/pcr/m/n/10 plot.pacific.species(plot_title = "", uselims = NA, add.WCPFC
 = F, add.EPO = F, sp = "YFT", add.EEZ = T, eez_file = "I:/assessments/Pop dy m
odeling/MFCL/R functions/EZNEW2.TXT")[] 
[36] (/usr/share/texmf/tex/latex/base/utf8.def)
(/usr/share/texmf/tex/latex/base/utf8.def) [37]
Overfull \hbox (66.78088pt too wide) in paragraph at lines 2567--2567
 []\T1/pcr/m/n/10 plot.pacific.yft(plot_title = "", lims = c(100, 260, -45, 45)
, add.WCPFC = F)[] 
(/usr/share/texmf/tex/latex/base/utf8.def)
Overfull \hbox (468.78088pt too wide) in paragraph at lines 2611--2611
 []\T1/pcr/m/n/10 plot.recruitment(plotdir = "H:/rmfcl/test/figs/", plotrep = t
est, varfile = NULL, plotname = "H:/rmfcl/test/figs/recruitment", plottype = "w
mf")[] 
[38] (/usr/share/texmf/tex/latex/base/utf8.def)
Overfull \hbox (576.78088pt too wide) in paragraph at lines 2661--2661
 []\T1/pcr/m/n/10 plot.recruitment.combined(plotdir = "H:/rmfcl/test/figs/", pl
otrep = test, varfile = NULL, plotname = "H:/rmfcl/test/figs/recruitment_combin
ed", plottype = "wmf")[] 
(/usr/share/texmf/tex/latex/base/utf8.def) [39]
(/usr/share/texmf/tex/latex/base/utf8.def) [40]
(/usr/share/texmf/tex/latex/base/utf8.def)
(/usr/share/texmf/tex/latex/base/utf8.def)
(/usr/share/texmf/tex/latex/base/utf8.def)
Overfull \hbox (126.78088pt too wide) in paragraph at lines 2841--2841
 []\T1/pcr/m/n/10 read.ests(rep.obj, ests = "C:/assessments/alb/2008/6_area/28.
splitgr3/ests.rep", x = 1)[] 
[41] (/usr/share/texmf/tex/latex/base/utf8.def)
(/usr/share/texmf/tex/latex/base/utf8.def) [42]
(/usr/share/texmf/tex/latex/base/utf8.def)
Overfull \hbox (198.78088pt too wide) in paragraph at lines 2967--2967
 []\T1/pcr/m/n/10 read.impact(impdir = "H:/rmfcl/test/", impnames = c("ll", "ps
assoc", "psunassoc", "idph", "other"))[] 
[43] (/usr/share/texmf/tex/latex/base/utf8.def)
(/usr/share/texmf/tex/latex/base/utf8.def) [44]
(/usr/share/texmf/tex/latex/base/utf8.def)
(/usr/share/texmf/tex/latex/base/utf8.def) [45]
(/usr/share/texmf/tex/latex/base/utf8.def)
(/usr/share/texmf/tex/latex/base/utf8.def) [46]
(/usr/share/texmf/tex/latex/base/utf8.def)
Overfull \hbox (336.78088pt too wide) in paragraph at lines 3239--3239
 []\T1/pcr/m/n/10 reconstruct.frq.ce(CPUE.file = "X:/yft/2009/Data Preparation/
CPUE/indices/yft_JPstd_R1.txt", data = out.data, fishery = 1)[] 
(/usr/share/texmf/tex/latex/base/utf8.def)
Overfull \hbox (672.78088pt too wide) in paragraph at lines 3282--3282
 []\T1/pcr/m/n/10 reconstruct.frq.size(data = data, FISH = 1, LF.FILE = "P:/yft
/2009/Data Preparation/size data/LLlendataR1.txt", WT.FILE = "P:/yft/2009/Data 
Preparation/size data/LLwtdataR1.txt")[] 
[47] (/usr/share/texmf/tex/latex/base/utf8.def) [48]
(/usr/share/texmf/tex/latex/base/utf8.def)
(/usr/share/texmf/tex/latex/base/utf8.def) [49]
(/usr/share/texmf/tex/latex/base/utf8.def)
(/usr/share/texmf/tex/latex/base/utf8.def) [50]
(/usr/share/texmf/tex/latex/base/utf8.def) [51]
(/usr/share/texmf/tex/latex/base/utf8.def)
(/usr/share/texmf/tex/latex/base/utf8.def)
Overfull \hbox (96.78088pt too wide) in paragraph at lines 3623--3623
 []\T1/pcr/m/n/10 rename.fishery.grps.doitall(doitall, oldfs, newfs, flag, keep
 = T, newgrps = c(0))[] 
[52] (/usr/share/texmf/tex/latex/base/utf8.def)
(/usr/share/texmf/tex/latex/base/utf8.def) [53]
(/usr/share/texmf/tex/latex/base/utf8.def) [54]
(/usr/share/texmf/tex/latex/base/utf8.def)
(/usr/share/texmf/tex/latex/base/utf8.def) [55]
(/usr/share/texmf/tex/latex/base/utf8.def)
(/usr/share/texmf/tex/latex/base/utf8.def) [56]
(/usr/share/texmf/tex/latex/base/utf8.def)
Overfull \hbox (192.78088pt too wide) in paragraph at lines 3961--3961
 []\T1/pcr/m/n/10 run.profile(rundir, rungrp, startpar = NA, ptype = "Fmult", t
arget, nsteps = 300, penalty = 5e+05)[] 
(/usr/share/texmf/tex/latex/base/utf8.def) [57]
(/usr/share/texmf/tex/latex/base/utf8.def) [58]
(/usr/share/texmf/tex/latex/base/utf8.def)
(/usr/share/texmf/tex/latex/base/utf8.def) [59]
(/usr/share/texmf/tex/latex/base/utf8.def)
(/usr/share/texmf/tex/latex/base/utf8.def) [60]
(/usr/share/texmf/tex/latex/base/utf8.def) [61]
(/usr/share/texmf/tex/latex/base/utf8.def)
(/usr/share/texmf/tex/latex/base/utf8.def) [62]
(/usr/share/texmf/tex/latex/base/utf8.def) [63]
(/usr/share/texmf/tex/latex/base/utf8.def)
(/usr/share/texmf/tex/latex/base/utf8.def) [64]
(/usr/share/texmf/tex/latex/base/utf8.def) [65]
(/usr/share/texmf/tex/latex/base/utf8.def)
(/usr/share/texmf/tex/latex/base/utf8.def) [66]
(/usr/share/texmf/tex/latex/base/utf8.def) [67]
(/usr/share/texmf/tex/latex/base/utf8.def)
(/usr/share/texmf/tex/latex/base/utf8.def) [68]
(/usr/share/texmf/tex/latex/base/utf8.def)
(/usr/share/texmf/tex/latex/base/utf8.def) [69]
(/usr/share/texmf/tex/latex/base/utf8.def) [70]
(/usr/share/texmf/tex/latex/base/utf8.def)
(/usr/share/texmf/tex/latex/base/utf8.def) [71]
(/usr/share/texmf/tex/latex/base/utf8.def)
(/usr/share/texmf/tex/latex/base/utf8.def) [72]
(/usr/share/texmf/tex/latex/base/utf8.def) [73]
(/usr/share/texmf/tex/latex/base/utf8.def)
(/usr/share/texmf/tex/latex/base/utf8.def) [74]
(/usr/share/texmf/tex/latex/base/utf8.def) (./Rd2.ind [75]
Overfull \hbox (13.3567pt too wide) in paragraph at lines 33--34
[]| \T1/pcr/m/n/10 frq.remove.size.or.weight.data\T1/ptm/m/n/10 , 

Overfull \hbox (1.3567pt too wide) in paragraph at lines 83--84
[]| \T1/pcr/m/n/10 regroup_fishery_grps.doitall\T1/ptm/m/n/10 , 
[76]
Overfull \hbox (13.3567pt too wide) in paragraph at lines 155--156
[]| \T1/pcr/m/n/10 frq.remove.size.or.weight.data\T1/ptm/m/n/10 , 
[77]
Overfull \hbox (1.3567pt too wide) in paragraph at lines 205--206
[]| \T1/pcr/m/n/10 regroup_fishery_grps.doitall\T1/ptm/m/n/10 , 
[78] [79]) (./Rd2.aux) )
(see the transcript file for additional information)</usr/share/texmf/fonts/typ
e1/bluesky/cm/cmsy10.pfb>{/usr/share/texmf/fonts/enc/dvips/psnfss/8r.enc}</usr/
share/texmf/fonts/type1/urw/times/utmri8a.pfb></usr/share/texmf/fonts/type1/urw
/times/utmr8a.pfb></usr/share/texmf/fonts/type1/urw/helvetic/uhvr8a.pfb></usr/s
hare/texmf/fonts/type1/urw/courier/ucrr8a.pfb></usr/share/texmf/fonts/type1/urw
/times/utmr8a.pfb></usr/share/texmf/fonts/type1/urw/times/utmb8a.pfb>
Output written on Rd2.pdf (79 pages, 445005 bytes).
Transcript written on Rd2.log.
This is makeindex, version 2.14 [02-Oct-2002] (kpathsea + Thai support).
Scanning input file ./Rd2.idx....done (364 entries accepted, 0 rejected).
Sorting entries......done (3215 comparisons).
Generating output file ./Rd2.ind....done (412 lines written, 0 warnings).
Output written in ./Rd2.ind.
Transcript written in ./Rd2.ilg.
This is pdfeTeXk, Version 3.141592-1.21a-2.2 (Web2C 7.5.4)
 file:line:error style messages enabled.
entering extended mode
(/tmp/RtmpY3CP3l/Rd2pdf76e13290/Rd2.tex
LaTeX2e <2003/12/01>
Babel <v3.8d> and hyphenation patterns for american, french, german, ngerman, b
ahasa, basque, bulgarian, catalan, croatian, czech, danish, dutch, esperanto, e
stonian, finnish, greek, icelandic, irish, italian, latin, magyar, norsk, polis
h, portuges, romanian, russian, serbian, slovak, slovene, spanish, swedish, tur
kish, ukrainian, nohyphenation, loaded.

(/usr/share/texmf/tex/latex/base/book.cls
Document Class: book 2004/02/16 v1.4f Standard LaTeX document class
(/usr/share/texmf/tex/latex/base/bk10.clo))
(/usr/local/lib64/R/share/texmf/tex/latex/Rd.sty
(/usr/share/texmf/tex/latex/base/ifthen.sty)
(/usr/share/texmf/tex/latex/tools/longtable.sty)
(/usr/share/texmf/tex/latex/tools/bm.sty)
(/usr/share/texmf/tex/latex/base/alltt.sty)
(/usr/share/texmf/tex/latex/tools/verbatim.sty)
(/usr/share/texmf/tex/latex/url/url.sty)
(/usr/local/lib64/R/share/texmf/tex/latex/upquote.sty
(/usr/share/texmf/tex/latex/base/textcomp.sty
(/usr/share/texmf/tex/latex/base/ts1enc.def))) NOT loading ae
(/usr/share/texmf/tex/latex/base/fontenc.sty
(/usr/share/texmf/tex/latex/base/t1enc.def))
(/usr/share/texmf/tex/latex/psnfss/times.sty) NOT loading lmodern
(/usr/share/texmf/tex/latex/graphics/color.sty
(/usr/share/texmf/tex/latex/graphics/color.cfg)
(/usr/share/texmf/tex/latex/graphics/pdftex.def))
(/usr/share/texmf/tex/latex/hyperref/hyperref.sty
(/usr/share/texmf/tex/latex/graphics/keyval.sty)
(/usr/share/texmf/tex/latex/hyperref/pd1enc.def)
(/usr/share/texmf/tex/latex/hyperref/hyperref.cfg)
Implicit mode ON; LaTeX internals redefined
)
*hyperref using default driver hpdftex*
(/usr/share/texmf/tex/latex/hyperref/hpdftex.def
(/usr/share/texmf/tex/latex/psnfss/pifont.sty
(/usr/share/texmf/tex/latex/psnfss/upzd.fd)
(/usr/share/texmf/tex/latex/psnfss/upsy.fd)))

Package hyperref Warning: Option `hyperindex' has already been used,
(hyperref)                setting the option has no effect on input line 332.


Package hyperref Warning: Option `pagebackref' has already been used,
(hyperref)                setting the option has no effect on input line 332.

) (/usr/share/texmf/tex/latex/base/makeidx.sty)
(/usr/share/texmf/tex/latex/base/inputenc.sty
(/usr/share/texmf/tex/latex/base/utf8.def
(/usr/share/texmf/tex/latex/base/t1enc.dfu)
(/usr/share/texmf/tex/latex/base/ot1enc.dfu)
(/usr/share/texmf/tex/latex/base/omsenc.dfu)
(/usr/share/texmf/tex/latex/base/ts1enc.dfu))
(/usr/share/texmf/tex/latex/base/latin1.def))
Writing index file Rd2.idx
(./Rd2.aux) (/usr/share/texmf/tex/latex/base/ts1cmr.fd)
(/usr/share/texmf/tex/latex/psnfss/t1ptm.fd)
(/usr/share/texmf/tex/context/base/supp-pdf.tex
(/usr/share/texmf/tex/context/base/supp-mis.tex
loading : Context Support Macros / Miscellaneous (2004.10.26)
)
loading : Context Support Macros / PDF (2004.03.26)
) (/usr/share/texmf/tex/latex/hyperref/nameref.sty) (./Rd2.out) (./Rd2.out)
(/usr/share/texmf/tex/latex/psnfss/t1pcr.fd)
(/usr/share/texmf/tex/latex/psnfss/t1phv.fd) (./Rd2.toc [1{/usr/share/texmf-var
/fonts/map/pdftex/updmap/pdftex.map}] [2] [3])
(/usr/share/texmf/tex/latex/base/utf8.def)
(/usr/share/texmf/tex/latex/base/utf8.def)
Overfull \hbox (384.78088pt too wide) in paragraph at lines 100--100
 []\T1/pcr/m/n/10 add.cpue.frq(CPUE.file = "P:/yft/2009/Data Preparation/CPUE/i
ndices/yft_JPstd_R1.txt", data = out.data, fishery = 1, add.cv = "T")[] 
[4] (/usr/share/texmf/tex/latex/base/utf8.def)
(/usr/share/texmf/tex/latex/base/utf8.def) [5]
(/usr/share/texmf/tex/latex/base/utf8.def)
(/usr/share/texmf/tex/latex/base/utf8.def) [6]
(/usr/share/texmf/tex/latex/base/utf8.def)
(/usr/share/texmf/tex/latex/base/utf8.def) [7]
Overfull \hbox (696.78088pt too wide) in paragraph at lines 356--356
 []\T1/pcr/m/n/10 change.size.frq(ver = 6, data = data, FISH = 1, LF.FILE = "P:
/yft/2009/Data Preparation/size data/LLlendataR1.txt", WT.FILE = "P:/yft/2009/D
ata Preparation/size data/LLwtdataR1.txt")[] 
(/usr/share/texmf/tex/latex/base/utf8.def)
(/usr/share/texmf/tex/latex/base/utf8.def) [8]
(/usr/share/texmf/tex/latex/base/utf8.def)
Overfull \hbox (42.78088pt too wide) in paragraph at lines 482--482
 []\T1/pcr/m/n/10 check_flag_value(parname, flagtype, flagnums, fishery = NA, f
laglist = T)[] 
(/usr/share/texmf/tex/latex/base/utf8.def) [9]
(/usr/share/texmf/tex/latex/base/utf8.def)
(/usr/share/texmf/tex/latex/base/utf8.def)
Overfull \hbox (96.78088pt too wide) in paragraph at lines 602--602
 []\T1/pcr/m/n/10 compare.frq(file1, file2, fm = "all", plotname, fdesc = "",lw
d=2,what=rep(TRUE,3))[] 
[10] (/usr/share/texmf/tex/latex/base/utf8.def)
Overfull \hbox (150.78088pt too wide) in paragraph at lines 652--652
 []\T1/pcr/m/n/10 compare.size.frq(frq1, frq2, fishery = 5, wt=T, prefx = "_",d
oyears, fdesc="",summary=TRUE)[] 
[11] (/usr/share/texmf/tex/latex/base/utf8.def)
(/usr/share/texmf/tex/latex/base/utf8.def)
Overfull \hbox (558.78088pt too wide) in paragraph at lines 753--753
 []\T1/pcr/m/n/10 condor.go(run.dir, frq.obj, tag.obj, doitall.obj, ini.obj, su
b.obj, species = "alb", condor_f = condor_files, par.obj = NA, run_now = TRUE,f
ixpermissions=TRUE)[] 
[12] (/usr/share/texmf/tex/latex/base/utf8.def)
Overfull \hbox (480.78088pt too wide) in paragraph at lines 820--820
 []\T1/pcr/m/n/10 condor.go2(run.dir, frq.obj, tag.obj, doitall.obj, ini.obj, s
ub.obj = suball, species = "alb", condor_f = condor_files, par.obj = NA, run_no
w = T)[] 
[13] (/usr/share/texmf/tex/latex/base/utf8.def) [14]
(/usr/share/texmf/tex/latex/base/utf8.def)
(/usr/share/texmf/tex/latex/base/utf8.def) [15]
(/usr/share/texmf/tex/latex/base/utf8.def)
(/usr/share/texmf/tex/latex/base/utf8.def) [16]
(/usr/share/texmf/tex/latex/base/utf8.def)
(/usr/share/texmf/tex/latex/base/utf8.def)
Overfull \hbox (240.78088pt too wide) in paragraph at lines 1104--1104
 []\T1/pcr/m/n/10 do.critical.calcs(repfile = "P:/yft/2007/BaseYFT/yftfinal2007
.rep", ests = "P:/yft/2007/BaseYFT/ests.rep")[] 
[17] (/usr/share/texmf/tex/latex/base/utf8.def)
(/usr/share/texmf/tex/latex/base/utf8.def) [18]
(/usr/share/texmf/tex/latex/base/utf8.def)
(/usr/share/texmf/tex/latex/base/utf8.def) [19]
(/usr/share/texmf/tex/latex/base/utf8.def)
Overfull \hbox (138.78088pt too wide) in paragraph at lines 1298--1298
 []\T1/pcr/m/n/10 frq.remove.size.or.weight.data(data = test.data, exclude = ex
clude, size = T, weight = F)[] 
[20] (/usr/share/texmf/tex/latex/base/utf8.def)
(/usr/share/texmf/tex/latex/base/utf8.def)
Overfull \hbox (72.78088pt too wide) in paragraph at lines 1382--1382
 []\T1/pcr/m/n/10 get.length.output(REGION = 1, DIR = "P:/yft/2009/Data Prepara
tion/size data/")[] 
[21] (/usr/share/texmf/tex/latex/base/utf8.def)
(/usr/share/texmf/tex/latex/base/utf8.def)
Overfull \hbox (90.78088pt too wide) in paragraph at lines 1465--1465
 []\T1/pcr/m/n/10 get.tag.structure(tagrepfile="temporary_tag_report",tagfile="
skj.tag",year1=1972)[] 
[22] (/usr/share/texmf/tex/latex/base/utf8.def)
Overfull \hbox (72.78088pt too wide) in paragraph at lines 1508--1508
 []\T1/pcr/m/n/10 get.weight.output(REGION = 1, DIR = "P:/yft/2009/Data Prepara
tion/size data/")[] 
[23] (/usr/share/texmf/tex/latex/base/utf8.def)
(/usr/share/texmf/tex/latex/base/utf8.def) [24]
(/usr/share/texmf/tex/latex/base/utf8.def)
Overfull \hbox (24.78088pt too wide) in paragraph at lines 1626--1626
 []\T1/pcr/m/n/10 make.projection.betyft.frq(frq.in = base.frq, fish = 1:24, ye
ars = 10)[] 
(/usr/share/texmf/tex/latex/base/utf8.def)
Overfull \hbox (216.78088pt too wide) in paragraph at lines 1669--1669
 []\T1/pcr/m/n/10 map_all_pacific(plot_title = "", lims = c(100, 300, -45, 45),
 eezfile = "L:/alb/2008/Pago/eznew2.txt")[] 
[25] (/usr/share/texmf/tex/latex/base/utf8.def) [26]
(/usr/share/texmf/tex/latex/base/utf8.def)
(/usr/share/texmf/tex/latex/base/utf8.def) [27]
(/usr/share/texmf/tex/latex/base/utf8.def)
(/usr/share/texmf/tex/latex/base/utf8.def) [28]
(/usr/share/texmf/tex/latex/base/utf8.def)
Overfull \hbox (504.78088pt too wide) in paragraph at lines 1922--1922
 []\T1/pcr/m/n/10 plot.biomass(plotdir = "H:/rmfcl/test/figs/", plotrep = test,
 varfile = NULL, type = "SSB", plotname = "H:/rmfcl/test/figs/biomass", plottyp
e = "wmf")[] 
[29] (/usr/share/texmf/tex/latex/base/utf8.def)
Overfull \hbox (558.78088pt too wide) in paragraph at lines 1975--1975
 []\T1/pcr/m/n/10 plot.biomass.combined(plotdir = "H:/rmfcl/test/figs/", plotre
p = test, varfile = NULL, type = "SSB", plotname = "H:/rmfcl/test/figs/biomass"
, plottype = "wmf")[] 
(/usr/share/texmf/tex/latex/base/utf8.def)
Overfull \hbox (990.78088pt too wide) in paragraph at lines 2027--2027
 []\T1/pcr/m/n/10 plot.F.time(plotdir = "H:/rmfcl/test/figs/", plotrep = "C:/as
sessments/alb/2008/6_area/28.splitgr3/plot-08.par.rep", inifile = "C:/assessmen
ts/alb/2008/6_area/28.splitgr3/alb.ini", plotname = "plotFtime", plottype = "wm
f", COL = T)[] 
[30] (/usr/share/texmf/tex/latex/base/utf8.def)
Overfull \hbox (786.78088pt too wide) in paragraph at lines 2080--2080
 []\T1/pcr/m/n/10 plot.fishery.impact.r(plotdir = "H:/rmfcl/test/figs/", type =
 "Total", plotrep = testq0, impnames = c("ll", "psass", "psunass", "idph", "oth
er"), plotname = "plotimpact", plottype = "wmf", COL = T)[] 
[31] (/usr/share/texmf/tex/latex/base/utf8.def)
Overfull \hbox (606.78088pt too wide) in paragraph at lines 2135--2135
 []\T1/pcr/m/n/10 plot.Kobe(plotdir = "S:/OFP Publications/Tuna Fishery Assessm
ent Report/2007/Figures/BET/", plotrep = test, type = "SSB", plotname = "Kobe",
 plottype = "wmf", COL = T)[] 
(/usr/share/texmf/tex/latex/base/utf8.def) [32]
(/usr/share/texmf/tex/latex/base/utf8.def)
(/usr/share/texmf/tex/latex/base/utf8.def) [33]
(/usr/share/texmf/tex/latex/base/utf8.def)
Overfull \hbox (468.78088pt too wide) in paragraph at lines 2288--2288
 []\T1/pcr/m/n/10 plot.nofishing(plotdir = "H:/rmfcl/test/figs/", plotrep = tes
tq0, type = "SSB", plotname = "H:/rmfcl/test/figs/Kobe", plottype = "wmf", COL 
= T)[] 
(/usr/share/texmf/tex/latex/base/utf8.def) [34]
Overfull \hbox (522.78088pt too wide) in paragraph at lines 2340--2340
 []\T1/pcr/m/n/10 plot.nofishing.combined(plotdir = "H:/rmfcl/test/figs/", plot
rep = testq0, type = "SSB", plotname = "H:/rmfcl/test/figs/Kobe", plottype = "w
mf", COL = T)[] 
(/usr/share/texmf/tex/latex/base/utf8.def)
Overfull \hbox (258.78088pt too wide) in paragraph at lines 2392--2392
 []\T1/pcr/m/n/10 plot.pacific.alb(plot_title = "", eez_dir = "I:/assessments/P
op dy modeling/MFCL/R functions/", plot_eez = T)[] 
[35] (/usr/share/texmf/tex/latex/base/utf8.def)
(/usr/share/texmf/tex/latex/base/utf8.def)
Overfull \hbox (666.78088pt too wide) in paragraph at lines 2472--2472
 []\T1/pcr/m/n/10 plot.pacific.species(plot_title = "", uselims = NA, add.WCPFC
 = F, add.EPO = F, sp = "YFT", add.EEZ = T, eez_file = "I:/assessments/Pop dy m
odeling/MFCL/R functions/EZNEW2.TXT")[] 
[36] (/usr/share/texmf/tex/latex/base/utf8.def)
(/usr/share/texmf/tex/latex/base/utf8.def) [37]
Overfull \hbox (66.78088pt too wide) in paragraph at lines 2567--2567
 []\T1/pcr/m/n/10 plot.pacific.yft(plot_title = "", lims = c(100, 260, -45, 45)
, add.WCPFC = F)[] 
(/usr/share/texmf/tex/latex/base/utf8.def)
Overfull \hbox (468.78088pt too wide) in paragraph at lines 2611--2611
 []\T1/pcr/m/n/10 plot.recruitment(plotdir = "H:/rmfcl/test/figs/", plotrep = t
est, varfile = NULL, plotname = "H:/rmfcl/test/figs/recruitment", plottype = "w
mf")[] 
[38] (/usr/share/texmf/tex/latex/base/utf8.def)
Overfull \hbox (576.78088pt too wide) in paragraph at lines 2661--2661
 []\T1/pcr/m/n/10 plot.recruitment.combined(plotdir = "H:/rmfcl/test/figs/", pl
otrep = test, varfile = NULL, plotname = "H:/rmfcl/test/figs/recruitment_combin
ed", plottype = "wmf")[] 
(/usr/share/texmf/tex/latex/base/utf8.def) [39]
(/usr/share/texmf/tex/latex/base/utf8.def) [40]
(/usr/share/texmf/tex/latex/base/utf8.def)
(/usr/share/texmf/tex/latex/base/utf8.def)
(/usr/share/texmf/tex/latex/base/utf8.def)
Overfull \hbox (126.78088pt too wide) in paragraph at lines 2841--2841
 []\T1/pcr/m/n/10 read.ests(rep.obj, ests = "C:/assessments/alb/2008/6_area/28.
splitgr3/ests.rep", x = 1)[] 
[41] (/usr/share/texmf/tex/latex/base/utf8.def)
(/usr/share/texmf/tex/latex/base/utf8.def) [42]
(/usr/share/texmf/tex/latex/base/utf8.def)
Overfull \hbox (198.78088pt too wide) in paragraph at lines 2967--2967
 []\T1/pcr/m/n/10 read.impact(impdir = "H:/rmfcl/test/", impnames = c("ll", "ps
assoc", "psunassoc", "idph", "other"))[] 
[43] (/usr/share/texmf/tex/latex/base/utf8.def)
(/usr/share/texmf/tex/latex/base/utf8.def) [44]
(/usr/share/texmf/tex/latex/base/utf8.def)
(/usr/share/texmf/tex/latex/base/utf8.def) [45]
(/usr/share/texmf/tex/latex/base/utf8.def)
(/usr/share/texmf/tex/latex/base/utf8.def) [46]
(/usr/share/texmf/tex/latex/base/utf8.def)
Overfull \hbox (336.78088pt too wide) in paragraph at lines 3239--3239
 []\T1/pcr/m/n/10 reconstruct.frq.ce(CPUE.file = "X:/yft/2009/Data Preparation/
CPUE/indices/yft_JPstd_R1.txt", data = out.data, fishery = 1)[] 
(/usr/share/texmf/tex/latex/base/utf8.def)
Overfull \hbox (672.78088pt too wide) in paragraph at lines 3282--3282
 []\T1/pcr/m/n/10 reconstruct.frq.size(data = data, FISH = 1, LF.FILE = "P:/yft
/2009/Data Preparation/size data/LLlendataR1.txt", WT.FILE = "P:/yft/2009/Data 
Preparation/size data/LLwtdataR1.txt")[] 
[47] (/usr/share/texmf/tex/latex/base/utf8.def) [48]
(/usr/share/texmf/tex/latex/base/utf8.def)
(/usr/share/texmf/tex/latex/base/utf8.def) [49]
(/usr/share/texmf/tex/latex/base/utf8.def)
(/usr/share/texmf/tex/latex/base/utf8.def) [50]
(/usr/share/texmf/tex/latex/base/utf8.def) [51]
(/usr/share/texmf/tex/latex/base/utf8.def)
(/usr/share/texmf/tex/latex/base/utf8.def)
Overfull \hbox (96.78088pt too wide) in paragraph at lines 3623--3623
 []\T1/pcr/m/n/10 rename.fishery.grps.doitall(doitall, oldfs, newfs, flag, keep
 = T, newgrps = c(0))[] 
[52] (/usr/share/texmf/tex/latex/base/utf8.def)
(/usr/share/texmf/tex/latex/base/utf8.def) [53]
(/usr/share/texmf/tex/latex/base/utf8.def) [54]
(/usr/share/texmf/tex/latex/base/utf8.def)
(/usr/share/texmf/tex/latex/base/utf8.def) [55]
(/usr/share/texmf/tex/latex/base/utf8.def)
(/usr/share/texmf/tex/latex/base/utf8.def) [56]
(/usr/share/texmf/tex/latex/base/utf8.def)
Overfull \hbox (192.78088pt too wide) in paragraph at lines 3961--3961
 []\T1/pcr/m/n/10 run.profile(rundir, rungrp, startpar = NA, ptype = "Fmult", t
arget, nsteps = 300, penalty = 5e+05)[] 
(/usr/share/texmf/tex/latex/base/utf8.def) [57]
(/usr/share/texmf/tex/latex/base/utf8.def) [58]
(/usr/share/texmf/tex/latex/base/utf8.def)
(/usr/share/texmf/tex/latex/base/utf8.def) [59]
(/usr/share/texmf/tex/latex/base/utf8.def)
(/usr/share/texmf/tex/latex/base/utf8.def) [60]
(/usr/share/texmf/tex/latex/base/utf8.def) [61]
(/usr/share/texmf/tex/latex/base/utf8.def)
(/usr/share/texmf/tex/latex/base/utf8.def) [62]
(/usr/share/texmf/tex/latex/base/utf8.def) [63]
(/usr/share/texmf/tex/latex/base/utf8.def)
(/usr/share/texmf/tex/latex/base/utf8.def) [64]
(/usr/share/texmf/tex/latex/base/utf8.def) [65]
(/usr/share/texmf/tex/latex/base/utf8.def)
(/usr/share/texmf/tex/latex/base/utf8.def) [66]
(/usr/share/texmf/tex/latex/base/utf8.def) [67]
(/usr/share/texmf/tex/latex/base/utf8.def)
(/usr/share/texmf/tex/latex/base/utf8.def) [68]
(/usr/share/texmf/tex/latex/base/utf8.def)
(/usr/share/texmf/tex/latex/base/utf8.def) [69]
(/usr/share/texmf/tex/latex/base/utf8.def) [70]
(/usr/share/texmf/tex/latex/base/utf8.def)
(/usr/share/texmf/tex/latex/base/utf8.def) [71]
(/usr/share/texmf/tex/latex/base/utf8.def)
(/usr/share/texmf/tex/latex/base/utf8.def) [72]
(/usr/share/texmf/tex/latex/base/utf8.def) [73]
(/usr/share/texmf/tex/latex/base/utf8.def)
(/usr/share/texmf/tex/latex/base/utf8.def) [74]
(/usr/share/texmf/tex/latex/base/utf8.def) (./Rd2.ind [75]
Overfull \hbox (13.3567pt too wide) in paragraph at lines 33--34
[]| \T1/pcr/m/n/10 frq.remove.size.or.weight.data\T1/ptm/m/n/10 , 

Overfull \hbox (1.3567pt too wide) in paragraph at lines 83--84
[]| \T1/pcr/m/n/10 regroup_fishery_grps.doitall\T1/ptm/m/n/10 , 
[76]
Overfull \hbox (13.3567pt too wide) in paragraph at lines 155--156
[]| \T1/pcr/m/n/10 frq.remove.size.or.weight.data\T1/ptm/m/n/10 , 
[77]
Overfull \hbox (1.3567pt too wide) in paragraph at lines 205--206
[]| \T1/pcr/m/n/10 regroup_fishery_grps.doitall\T1/ptm/m/n/10 , 
[78] [79]) (./Rd2.aux) )
(see the transcript file for additional information)</usr/share/texmf/fonts/typ
e1/bluesky/cm/cmsy10.pfb>{/usr/share/texmf/fonts/enc/dvips/psnfss/8r.enc}</usr/
share/texmf/fonts/type1/urw/times/utmri8a.pfb></usr/share/texmf/fonts/type1/urw
/times/utmr8a.pfb></usr/share/texmf/fonts/type1/urw/helvetic/uhvr8a.pfb></usr/s
hare/texmf/fonts/type1/urw/courier/ucrr8a.pfb></usr/share/texmf/fonts/type1/urw
/times/utmr8a.pfb></usr/share/texmf/fonts/type1/urw/times/utmb8a.pfb>
Output written on Rd2.pdf (79 pages, 445719 bytes).
Transcript written on Rd2.log.
Saving output to 'R4MFCL-manual.pdf' ...
Done
You may want to clean up by 'rm -rf /tmp/RtmpY3CP3l/Rd2pdf76e13290'
